<?xml version="1.0" encoding="UTF-8"?>
<!-- Generated by org.testng.reporters.JUnitReportReporter -->
<testsuite hostname="DESKTOP-PTBNG31" failures="0" tests="8" name="selinium.FirstTest" time="27.202" errors="0" timestamp="2023-08-12T03:07:16 EDT" skipped="0">
  <testcase classname="selinium.FirstTest" name="addnewCustomerTest" time="3.359"/>
  <system-out/>
  <testcase classname="selinium.FirstTest" name="loginWithInvalidPassword" time="2.941"/>
  <system-out/>
  <testcase classname="selinium.FirstTest" name="deleteCustomerTest" time="3.798"/>
  <system-out/>
  <testcase classname="selinium.FirstTest" name="loginWithSuccessTest" time="2.829"/>
  <system-out/>
  <testcase classname="selinium.FirstTest" name="logOutTest" time="3.328"/>
  <system-out/>
  <testcase classname="selinium.FirstTest" name="EditCustomerTest" time="5.141"/>
  <system-out/>
  <testcase classname="selinium.FirstTest" name="loginWithInvalidUserName" time="2.329"/>
  <system-out/>
  <testcase classname="selinium.FirstTest" name="resetBtnTest" time="3.477"/>
  <system-out/>
</testsuite> <!-- selinium.FirstTest -->
